ClassWork/app/build/outputs/logs/manifest-merger-live-debug-report.txt
-- Merging decision tree log ---
manifest
ADDED from src\main\AndroidManifest.xml:1:1-45:12
INJECTED from src\main\AndroidManifest.xml:1:1-45:12
INJECTED from src\main\AndroidManifest.xml:1:1-45:12
INJECTED from src\main\AndroidManifest.xml:1:1-45:12
MERGED from [com.android.support:design:27.0.2] AndroidManifest.xml:17:1-22:12
MERGED from [com.android.support:appcompat-v7:27.0.2] AndroidManifest.xml:17:1-22:12
MERGED from [com.android.support:support-v4:27.0.2] AndroidManifest.xml:17:1-22:12
MERGED from [com.github.bumptech.glide:glide:4.6.1] AndroidManifest.xml:2:1-13:12
MERGED from [com.android.support:support-fragment:27.0.2] AndroidManifest.xml:17:1-22:12
MERGED from [com.android.support:support-core-utils:27.0.2] AndroidManifest.xml:17:1-22:12
MERGED from [com.android.support:animated-vector-drawable:27.0.2] AndroidManifest.xml:17:1-22:12
MERGED from [com.android.support:support-vector-drawable:27.0.2] AndroidManifest.xml:17:1-22:12
MERGED from [com.android.support:support-media-compat:27.0.2] AndroidManifest.xml:17:1-22:12
MERGED from [com.android.support:recyclerview-v7:27.0.2] AndroidManifest.xml:17:1-22:12
MERGED from [com.android.support:support-core-ui:27.0.2] AndroidManifest.xml:17:1-22:12
MERGED from [com.android.support:transition:27.0.2] AndroidManifest.xml:17:1-22:12
MERGED from [com.android.support:support-compat:27.0.2] AndroidManifest.xml:17:1-22:12
MERGED from [com.github.bumptech.glide:gifdecoder:4.6.1] AndroidManifest.xml:2:1-11:12
MERGED from [android.arch.lifecycle:runtime:1.0.3] AndroidManifest.xml:17:1-24:12
INJECTED from src\main\AndroidManifest.xml:1:1-45:12
INJECTED from src\main\AndroidManifest.xml:1:1-45:12
INJECTED from src\main\AndroidManifest.xml:1:1-45:12
	package
		ADDED from src\main\AndroidManifest.xml:2:5-42
		INJECTED from src\main\AndroidManifest.xml
		INJECTED from src\main\AndroidManifest.xml
	android:versionName
		INJECTED from src\main\AndroidManifest.xml
		ADDED from src\main\AndroidManifest.xml:1:1-45:12
		INJECTED from src\main\AndroidManifest.xml
	android:versionCode
		INJECTED from src\main\AndroidManifest.xml
		ADDED from src\main\AndroidManifest.xml:1:1-45:12
		INJECTED from src\main\AndroidManifest.xml
	xmlns:android
		ADDED from src\main\AndroidManifest.xml:1:11-69
uses-permission#android.permission.INTERNET
ADDED from src\main\AndroidManifest.xml:3:5-67
	android:name
		ADDED from src\main\AndroidManifest.xml:3:22-64
uses-permission#android.permission.WRITE_EXTERNAL_STORAGE
ADDED from src\main\AndroidManifest.xml:4:5-81
	android:name
		ADDED from src\main\AndroidManifest.xml:4:22-78
application
ADDED from src\main\AndroidManifest.xml:6:5-44:19
MERGED from [com.github.bumptech.glide:glide:4.6.1] AndroidManifest.xml:11:5-20
MERGED from [com.github.bumptech.glide:glide:4.6.1] AndroidManifest.xml:11:5-20
MERGED from [com.github.bumptech.glide:gifdecoder:4.6.1] AndroidManifest.xml:9:5-20
MERGED from [com.github.bumptech.glide:gifdecoder:4.6.1] AndroidManifest.xml:9:5-20
	android:supportsRtl
		ADDED from src\main\AndroidManifest.xml:11:9-35
	android:label
		ADDED from src\main\AndroidManifest.xml:9:9-41
	android:roundIcon
		ADDED from src\main\AndroidManifest.xml:10:9-54
	android:icon
		ADDED from src\main\AndroidManifest.xml:8:9-43
	android:allowBackup
		ADDED from src\main\AndroidManifest.xml:7:9-35
	android:theme
		ADDED from src\main\AndroidManifest.xml:12:9-40
activity#com.itacademy.myapplication.ClassWork1.ClassWork1Activity
ADDED from src\main\AndroidManifest.xml:13:9-18:20
	android:name
		ADDED from src\main\AndroidManifest.xml:13:19-64
intent-filter#android.intent.action.MAIN+android.intent.category.LAUNCHER
ADDED from src\main\AndroidManifest.xml:14:13-17:29
action#android.intent.action.MAIN
ADDED from src\main\AndroidManifest.xml:15:17-68
	android:name
		ADDED from src\main\AndroidManifest.xml:15:25-66
category#android.intent.category.LAUNCHER
ADDED from src\main\AndroidManifest.xml:16:17-76
	android:name
		ADDED from src\main\AndroidManifest.xml:16:27-74
activity#com.itacademy.myapplication.ClassWork2.ClassWork2Activity
ADDED from src\main\AndroidManifest.xml:19:9-21:74
	android:parentActivityName
		ADDED from src\main\AndroidManifest.xml:21:13-72
	android:name
		ADDED from src\main\AndroidManifest.xml:20:13-58
activity#com.itacademy.myapplication.ClassWork4.ClassWork4Activity
ADDED from src\main\AndroidManifest.xml:22:9-25:38
	android:parentActivityName
		ADDED from src\main\AndroidManifest.xml:24:13-72
	android:exported
		ADDED from src\main\AndroidManifest.xml:25:13-36
	android:name
		ADDED from src\main\AndroidManifest.xml:23:13-58
activity#com.itacademy.myapplication.classwork5.ClassWork5Activity
ADDED from src\main\AndroidManifest.xml:26:9-29:38
	android:parentActivityName
		ADDED from src\main\AndroidManifest.xml:28:13-72
	android:exported
		ADDED from src\main\AndroidManifest.xml:29:13-36
	android:name
		ADDED from src\main\AndroidManifest.xml:27:13-58
activity#com.itacademy.myapplication.classwork6.ClassWork6Activity
ADDED from src\main\AndroidManifest.xml:30:9-32:38
	android:exported
		ADDED from src\main\AndroidManifest.xml:32:13-36
	android:name
		ADDED from src\main\AndroidManifest.xml:31:13-58
activity#com.itacademy.myapplication.classwork7.ClassWork7Activity
ADDED from src\main\AndroidManifest.xml:33:9-35:38
	android:exported
		ADDED from src\main\AndroidManifest.xml:35:13-36
	android:name
		ADDED from src\main\AndroidManifest.xml:34:13-58
receiver#com.itacademy.myapplication.classwork5.MyReciver
ADDED from src\main\AndroidManifest.xml:37:9-41:12
	android:name
		ADDED from src\main\AndroidManifest.xml:37:19-55
intent-filter#android.intent.action.AIRPLANE_MODE
ADDED from src\main\AndroidManifest.xml:38:5-40:21
action#android.intent.action.AIRPLANE_MODE
ADDED from src\main\AndroidManifest.xml:39:9-69
	android:name
		ADDED from src\main\AndroidManifest.xml:39:17-67
service#com.itacademy.myapplication.classwork5.MyService
ADDED from src\main\AndroidManifest.xml:42:9-56
	android:name
		ADDED from src\main\AndroidManifest.xml:42:18-54
service#com.itacademy.myapplication.classwork5.MyIntentService
ADDED from src\main\AndroidManifest.xml:43:9-62
	android:name
		ADDED from src\main\AndroidManifest.xml:43:18-60
uses-sdk
INJECTED from src\main\AndroidManifest.xml reason: use-sdk injection requested
INJECTED from src\main\AndroidManifest.xml
INJECTED from src\main\AndroidManifest.xml
MERGED from [com.android.support:design:27.0.2] AndroidManifest.xml:20:5-44
MERGED from [com.android.support:design:27.0.2] AndroidManifest.xml:20:5-44
MERGED from [com.android.support:appcompat-v7:27.0.2] AndroidManifest.xml:20:5-44
MERGED from [com.android.support:appcompat-v7:27.0.2] AndroidManifest.xml:20:5-44
MERGED from [com.android.support:support-v4:27.0.2] AndroidManifest.xml:20:5-44
MERGED from [com.android.support:support-v4:27.0.2] AndroidManifest.xml:20:5-44
MERGED from [com.github.bumptech.glide:glide:4.6.1] AndroidManifest.xml:7:5-9:41
MERGED from [com.github.bumptech.glide:glide:4.6.1] AndroidManifest.xml:7:5-9:41
MERGED from [com.android.support:support-fragment:27.0.2] AndroidManifest.xml:20:5-44
MERGED from [com.android.support:support-fragment:27.0.2] AndroidManifest.xml:20:5-44
MERGED from [com.android.support:support-core-utils:27.0.2] AndroidManifest.xml:20:5-44
MERGED from [com.android.support:support-core-utils:27.0.2] AndroidManifest.xml:20:5-44
MERGED from [com.android.support:animated-vector-drawable:27.0.2] AndroidManifest.xml:20:5-44
MERGED from [com.android.support:animated-vector-drawable:27.0.2] AndroidManifest.xml:20:5-44
MERGED from [com.android.support:support-vector-drawable:27.0.2] AndroidManifest.xml:20:5-44
MERGED from [com.android.support:support-vector-drawable:27.0.2] AndroidManifest.xml:20:5-44
MERGED from [com.android.support:support-media-compat:27.0.2] AndroidManifest.xml:20:5-44
MERGED from [com.android.support:support-media-compat:27.0.2] AndroidManifest.xml:20:5-44
MERGED from [com.android.support:recyclerview-v7:27.0.2] AndroidManifest.xml:20:5-44
MERGED from [com.android.support:recyclerview-v7:27.0.2] AndroidManifest.xml:20:5-44
MERGED from [com.android.support:support-core-ui:27.0.2] AndroidManifest.xml:20:5-44
MERGED from [com.android.support:support-core-ui:27.0.2] AndroidManifest.xml:20:5-44
MERGED from [com.android.support:transition:27.0.2] AndroidManifest.xml:20:5-44
MERGED from [com.android.support:transition:27.0.2] AndroidManifest.xml:20:5-44
MERGED from [com.android.support:support-compat:27.0.2] AndroidManifest.xml:20:5-44
MERGED from [com.android.support:support-compat:27.0.2] AndroidManifest.xml:20:5-44
MERGED from [com.github.bumptech.glide:gifdecoder:4.6.1] AndroidManifest.xml:5:5-7:41
MERGED from [com.github.bumptech.glide:gifdecoder:4.6.1] AndroidManifest.xml:5:5-7:41
MERGED from [android.arch.lifecycle:runtime:1.0.3] AndroidManifest.xml:20:5-22:41
MERGED from [android.arch.lifecycle:runtime:1.0.3] AndroidManifest.xml:20:5-22:41
INJECTED from src\main\AndroidManifest.xml
INJECTED from src\main\AndroidManifest.xml
	android:targetSdkVersion
		INJECTED from src\main\AndroidManifest.xml
		ADDED from src\main\AndroidManifest.xml
		INJECTED from src\main\AndroidManifest.xml
	android:minSdkVersion
		INJECTED from src\main\AndroidManifest.xml
		ADDED from src\main\AndroidManifest.xml
		INJECTED from src\main\AndroidManifest.xml